<?xml version="1.0" encoding="UTF-8"?>
<!-- Generated by org.testng.reporters.JUnitReportReporter -->
<testsuite hostname="dev2aaa3qa509" name="com.deloitte.automation.poc.PolicyCreator" tests="3" failures="0" timestamp="13 Aug 2015 12:21:25 GMT" time="223.651" errors="1">
  <testcase name="testAssDocGenDataGathering" time="64.573" classname="com.deloitte.automation.poc.PolicyCreator"/>
  <testcase name="testAssDocGenDataGathering" time="89.849" classname="com.deloitte.automation.poc.PolicyCreator">
    <error type="java.lang.AssertionError" message="Verification failures:
java.lang.AssertionError: Element: &#039;producContextInfoForm:policyDetail_policyStatusCdText&#039; text expected [Policy Active] but found [Policy Expired]
	at com.exigen.automation.helper.SoftAssert.verifyEquals(SoftAssert.java:133)
	at com.exigen.automation.helper.ExtendedAssert.verifyEquals(ExtendedAssert.java:100)
	at com.exigen.automation.helper.SeleniumUtils.verifyTextOfElementEquals(SeleniumUtils.java:1722)
	at com.exigen.automation.helper.SeleniumUtils.verifyTextOfElementEquals(SeleniumUtils.java:1712)
	at com.deloitte.automation.poc.PolicyCreator.testAssDocGenDataGathering(PolicyCreator.java:133)
">
      <![CDATA[java.lang.AssertionError: Verification failures:
java.lang.AssertionError: Element: 'producContextInfoForm:policyDetail_policyStatusCdText' text expected [Policy Active] but found [Policy Expired]
	at com.exigen.automation.helper.SoftAssert.verifyEquals(SoftAssert.java:133)
	at com.exigen.automation.helper.ExtendedAssert.verifyEquals(ExtendedAssert.java:100)
	at com.exigen.automation.helper.SeleniumUtils.verifyTextOfElementEquals(SeleniumUtils.java:1722)
	at com.exigen.automation.helper.SeleniumUtils.verifyTextOfElementEquals(SeleniumUtils.java:1712)
	at com.deloitte.automation.poc.PolicyCreator.testAssDocGenDataGathering(PolicyCreator.java:133)

	at com.exigen.automation.helper.SoftAssert.checkForVerificationErrors(SoftAssert.java:218)
	at com.exigen.automation.helper.ExtendedAssert.checkForVerificationErrors(ExtendedAssert.java:120)
	at com.deloitte.automation.poc.PolicyCreator.testAssDocGenDataGathering(PolicyCreator.java:147)
]]>
    </error>
  </testcase> <!-- testAssDocGenDataGathering -->
  <testcase name="testAssDocGenDataGathering" time="69.229" classname="com.deloitte.automation.poc.PolicyCreator"/>
</testsuite> <!-- com.deloitte.automation.poc.PolicyCreator -->
